2012-07-24 10:39:34 Error: [MissingActionException] Action UsersController::register() could not be found.
#0 /Users/christopher/Source/chrispitt/prophpmvc-cakephp/lib/Cake/Routing/Dispatcher.php(103): Controller->invokeAction(Object(CakeRequest))
#1 /Users/christopher/Source/chrispitt/prophpmvc-cakephp/lib/Cake/Routing/Dispatcher.php(85): Dispatcher->_invoke(Object(UsersController), Object(CakeRequest), Object(CakeResponse))
#2 /Users/christopher/Source/chrispitt/prophpmvc-cakephp/app/webroot/index.php(96): Dispatcher->dispatch(Object(CakeRequest), Object(CakeResponse))
#3 {main}
2012-07-24 10:39:34 Error: [MissingActionException] Action UsersController::register() could not be found.
#0 /Users/christopher/Source/chrispitt/prophpmvc-cakephp/lib/Cake/Routing/Dispatcher.php(103): Controller->invokeAction(Object(CakeRequest))
#1 /Users/christopher/Source/chrispitt/prophpmvc-cakephp/lib/Cake/Routing/Dispatcher.php(85): Dispatcher->_invoke(Object(UsersController), Object(CakeRequest), Object(CakeResponse))
#2 /Users/christopher/Source/chrispitt/prophpmvc-cakephp/app/webroot/index.php(96): Dispatcher->dispatch(Object(CakeRequest), Object(CakeResponse))
#3 {main}
2012-07-24 10:39:36 Error: [MissingActionException] Action UsersController::register() could not be found.
#0 /Users/christopher/Source/chrispitt/prophpmvc-cakephp/lib/Cake/Routing/Dispatcher.php(103): Controller->invokeAction(Object(CakeRequest))
#1 /Users/christopher/Source/chrispitt/prophpmvc-cakephp/lib/Cake/Routing/Dispatcher.php(85): Dispatcher->_invoke(Object(UsersController), Object(CakeRequest), Object(CakeResponse))
#2 /Users/christopher/Source/chrispitt/prophpmvc-cakephp/app/webroot/index.php(96): Dispatcher->dispatch(Object(CakeRequest), Object(CakeResponse))
#3 {main}
2012-07-24 10:39:36 Error: [MissingActionException] Action UsersController::register() could not be found.
#0 /Users/christopher/Source/chrispitt/prophpmvc-cakephp/lib/Cake/Routing/Dispatcher.php(103): Controller->invokeAction(Object(CakeRequest))
#1 /Users/christopher/Source/chrispitt/prophpmvc-cakephp/lib/Cake/Routing/Dispatcher.php(85): Dispatcher->_invoke(Object(UsersController), Object(CakeRequest), Object(CakeResponse))
#2 /Users/christopher/Source/chrispitt/prophpmvc-cakephp/app/webroot/index.php(96): Dispatcher->dispatch(Object(CakeRequest), Object(CakeResponse))
#3 {main}
2012-07-24 10:39:37 Error: [MissingActionException] Action UsersController::register() could not be found.
#0 /Users/christopher/Source/chrispitt/prophpmvc-cakephp/lib/Cake/Routing/Dispatcher.php(103): Controller->invokeAction(Object(CakeRequest))
#1 /Users/christopher/Source/chrispitt/prophpmvc-cakephp/lib/Cake/Routing/Dispatcher.php(85): Dispatcher->_invoke(Object(UsersController), Object(CakeRequest), Object(CakeResponse))
#2 /Users/christopher/Source/chrispitt/prophpmvc-cakephp/app/webroot/index.php(96): Dispatcher->dispatch(Object(CakeRequest), Object(CakeResponse))
#3 {main}
2012-07-24 10:39:37 Error: [MissingActionException] Action UsersController::register() could not be found.
#0 /Users/christopher/Source/chrispitt/prophpmvc-cakephp/lib/Cake/Routing/Dispatcher.php(103): Controller->invokeAction(Object(CakeRequest))
#1 /Users/christopher/Source/chrispitt/prophpmvc-cakephp/lib/Cake/Routing/Dispatcher.php(85): Dispatcher->_invoke(Object(UsersController), Object(CakeRequest), Object(CakeResponse))
#2 /Users/christopher/Source/chrispitt/prophpmvc-cakephp/app/webroot/index.php(96): Dispatcher->dispatch(Object(CakeRequest), Object(CakeResponse))
#3 {main}
2012-07-24 10:39:37 Error: [MissingActionException] Action UsersController::register() could not be found.
#0 /Users/christopher/Source/chrispitt/prophpmvc-cakephp/lib/Cake/Routing/Dispatcher.php(103): Controller->invokeAction(Object(CakeRequest))
#1 /Users/christopher/Source/chrispitt/prophpmvc-cakephp/lib/Cake/Routing/Dispatcher.php(85): Dispatcher->_invoke(Object(UsersController), Object(CakeRequest), Object(CakeResponse))
#2 /Users/christopher/Source/chrispitt/prophpmvc-cakephp/app/webroot/index.php(96): Dispatcher->dispatch(Object(CakeRequest), Object(CakeResponse))
#3 {main}
2012-07-24 10:39:37 Error: [MissingActionException] Action UsersController::register() could not be found.
#0 /Users/christopher/Source/chrispitt/prophpmvc-cakephp/lib/Cake/Routing/Dispatcher.php(103): Controller->invokeAction(Object(CakeRequest))
#1 /Users/christopher/Source/chrispitt/prophpmvc-cakephp/lib/Cake/Routing/Dispatcher.php(85): Dispatcher->_invoke(Object(UsersController), Object(CakeRequest), Object(CakeResponse))
#2 /Users/christopher/Source/chrispitt/prophpmvc-cakephp/app/webroot/index.php(96): Dispatcher->dispatch(Object(CakeRequest), Object(CakeResponse))
#3 {main}
2012-07-24 10:39:44 Error: [MissingViewException] View file "/Users/christopher/Source/chrispitt/prophpmvc-cakephp/app/View/Users/register.ctp" is missing.
#0 /Users/christopher/Source/chrispitt/prophpmvc-cakephp/lib/Cake/View/View.php(460): View->_getViewFileName(NULL)
#1 /Users/christopher/Source/chrispitt/prophpmvc-cakephp/lib/Cake/Controller/Controller.php(962): View->render(NULL, NULL)
#2 /Users/christopher/Source/chrispitt/prophpmvc-cakephp/lib/Cake/Routing/Dispatcher.php(110): Controller->render()
#3 /Users/christopher/Source/chrispitt/prophpmvc-cakephp/lib/Cake/Routing/Dispatcher.php(85): Dispatcher->_invoke(Object(UsersController), Object(CakeRequest), Object(CakeResponse))
#4 /Users/christopher/Source/chrispitt/prophpmvc-cakephp/app/webroot/index.php(96): Dispatcher->dispatch(Object(CakeRequest), Object(CakeResponse))
#5 {main}
2012-07-24 13:43:38 Error: [MissingActionException] Action UsersController::profile() could not be found.
#0 /Users/christopher/Source/chrispitt/prophpmvc-cakephp/lib/Cake/Routing/Dispatcher.php(103): Controller->invokeAction(Object(CakeRequest))
#1 /Users/christopher/Source/chrispitt/prophpmvc-cakephp/lib/Cake/Routing/Dispatcher.php(85): Dispatcher->_invoke(Object(UsersController), Object(CakeRequest), Object(CakeResponse))
#2 /Users/christopher/Source/chrispitt/prophpmvc-cakephp/app/webroot/index.php(96): Dispatcher->dispatch(Object(CakeRequest), Object(CakeResponse))
#3 {main}
2012-07-24 13:47:53 Error: [MissingViewException] View file "/Users/christopher/Source/chrispitt/prophpmvc-cakephp/app/View/Users/profile.ctp" is missing.
#0 /Users/christopher/Source/chrispitt/prophpmvc-cakephp/lib/Cake/View/View.php(460): View->_getViewFileName(NULL)
#1 /Users/christopher/Source/chrispitt/prophpmvc-cakephp/lib/Cake/Controller/Controller.php(962): View->render(NULL, NULL)
#2 /Users/christopher/Source/chrispitt/prophpmvc-cakephp/lib/Cake/Routing/Dispatcher.php(110): Controller->render()
#3 /Users/christopher/Source/chrispitt/prophpmvc-cakephp/lib/Cake/Routing/Dispatcher.php(85): Dispatcher->_invoke(Object(UsersController), Object(CakeRequest), Object(CakeResponse))
#4 /Users/christopher/Source/chrispitt/prophpmvc-cakephp/app/webroot/index.php(96): Dispatcher->dispatch(Object(CakeRequest), Object(CakeResponse))
#5 {main}
2012-07-24 14:37:22 Error: [PDOException] SQLSTATE[42000]: Syntax error or access violation: 1064 You have an error in your SQL syntax; check the manual that corresponds to your MySQL server version for the right syntax to use near '0 ASC' at line 1
#0 /Users/christopher/Source/chrispitt/prophpmvc-cakephp/lib/Cake/Model/Datasource/DboSource.php(436): PDOStatement->execute(Array)
#1 /Users/christopher/Source/chrispitt/prophpmvc-cakephp/lib/Cake/Model/Datasource/DboSource.php(403): DboSource->_execute('SELECT `User`.`...', Array)
#2 /Users/christopher/Source/chrispitt/prophpmvc-cakephp/lib/Cake/Model/Datasource/DboSource.php(646): DboSource->execute('SELECT `User`.`...', Array, Array)
#3 /Users/christopher/Source/chrispitt/prophpmvc-cakephp/lib/Cake/Model/Datasource/DboSource.php(1057): DboSource->fetchAll('SELECT `User`.`...', false)
#4 /Users/christopher/Source/chrispitt/prophpmvc-cakephp/lib/Cake/Model/Model.php(2635): DboSource->read(Object(User), Array)
#5 /Users/christopher/Source/chrispitt/prophpmvc-cakephp/app/Controller/UsersController.php(146): Model->find('all', Array)
#6 [internal function]: UsersController->search()
#7 /Users/christopher/Source/chrispitt/prophpmvc-cakephp/lib/Cake/Controller/Controller.php(488): ReflectionMethod->invokeArgs(Object(UsersController), Array)
#8 /Users/christopher/Source/chrispitt/prophpmvc-cakephp/lib/Cake/Routing/Dispatcher.php(103): Controller->invokeAction(Object(CakeRequest))
#9 /Users/christopher/Source/chrispitt/prophpmvc-cakephp/lib/Cake/Routing/Dispatcher.php(85): Dispatcher->_invoke(Object(UsersController), Object(CakeRequest), Object(CakeResponse))
#10 /Users/christopher/Source/chrispitt/prophpmvc-cakephp/app/webroot/index.php(96): Dispatcher->dispatch(Object(CakeRequest), Object(CakeResponse))
#11 {main}
2012-07-29 14:20:15 Error: [MissingTableException] Table photos for model Photo was not found in datasource default.
#0 /Users/christopher/Source/chrispitt/prophpmvc-cakephp/lib/Cake/Model/Model.php(3380): Model->setSource('photos')
#1 /Users/christopher/Source/chrispitt/prophpmvc-cakephp/lib/Cake/Model/Model.php(1623): Model->getDataSource()
#2 /Users/christopher/Source/chrispitt/prophpmvc-cakephp/app/Controller/UsersController.php(62): Model->save(Array)
#3 /Users/christopher/Source/chrispitt/prophpmvc-cakephp/app/Controller/UsersController.php(73): UsersController->_upload('photo', '36')
#4 [internal function]: UsersController->register()
#5 /Users/christopher/Source/chrispitt/prophpmvc-cakephp/lib/Cake/Controller/Controller.php(488): ReflectionMethod->invokeArgs(Object(UsersController), Array)
#6 /Users/christopher/Source/chrispitt/prophpmvc-cakephp/lib/Cake/Routing/Dispatcher.php(103): Controller->invokeAction(Object(CakeRequest))
#7 /Users/christopher/Source/chrispitt/prophpmvc-cakephp/lib/Cake/Routing/Dispatcher.php(85): Dispatcher->_invoke(Object(UsersController), Object(CakeRequest), Object(CakeResponse))
#8 /Users/christopher/Source/chrispitt/prophpmvc-cakephp/app/webroot/index.php(96): Dispatcher->dispatch(Object(CakeRequest), Object(CakeResponse))
#9 {main}
